<?xml version="1.0" encoding="UTF-8"?>
<!-- Generated by org.testng.reporters.JUnitXMLReporter -->
<testsuite ignored="2" hostname="RakshuPavi" failures="0" tests="1" name="Test" time="0.03" errors="0" timestamp="2024-03-05T10:25:20 IST">
  <testcase classname="Groups_testng.Group1" name="test1" time="0.006"/>
  <testcase classname="Groups_testng.Group1" name="test3" time="0.0">
    <ignored/>
  </testcase> <!-- test3 -->
  <testcase classname="Groups_testng.Group1" name="test2" time="0.0">
    <ignored/>
  </testcase> <!-- test2 -->
</testsuite> <!-- Test -->
